<?xml version="1.0" encoding="UTF-8"?>
<!-- Generated by org.testng.reporters.JUnitXMLReporter -->
<testsuite ignored="1" hostname="DESKTOP-1KHOJ1K" failures="0" tests="1" name="Surefire test" time="41.04" errors="0" timestamp="2026-05-06T20:54:48 IST">
  <testcase classname="AddItemsToCartAndCheckout" name="addItemsToCartAndCheckout" time="36.721"/>
  <testcase classname="AddItemsToCartAndCheckout" name="continueShopping" time="0.0">
    <ignored/>
  </testcase> <!-- continueShopping -->
</testsuite> <!-- Surefire test -->
