<?xml version="1.0" encoding="UTF-8"?>
<testng-results ignored="0" total="1" passed="1" failed="0" skipped="0">
  <reporter-output>
  </reporter-output>
  <suite started-at="2026-05-06T20:54:07 IST" name="Surefire suite" finished-at="2026-05-06T20:54:48 IST" duration-ms="41040">
    <groups>
    </groups>
    <test started-at="2026-05-06T20:54:07 IST" name="Surefire test" finished-at="2026-05-06T20:54:48 IST" duration-ms="41040">
      <class name="AddItemsToCartAndCheckout">
        <test-method is-config="true" signature="setup()[pri:0, instance:AddItemsToCartAndCheckout@75e91545]" started-at="2026-05-06T20:54:07 IST" name="setup" finished-at="2026-05-06T20:54:11 IST" duration-ms="3746" status="PASS">
          <reporter-output>
          </reporter-output>
        </test-method> <!-- setup -->
        <test-method signature="addItemsToCartAndCheckout()[pri:0, instance:AddItemsToCartAndCheckout@75e91545]" started-at="2026-05-06T20:54:11 IST" name="addItemsToCartAndCheckout" finished-at="2026-05-06T20:54:47 IST" duration-ms="36721" status="PASS">
          <reporter-output>
          </reporter-output>
        </test-method> <!-- addItemsToCartAndCheckout -->
        <test-method is-config="true" signature="tearDown()[pri:0, instance:AddItemsToCartAndCheckout@75e91545]" started-at="2026-05-06T20:54:47 IST" name="tearDown" finished-at="2026-05-06T20:54:48 IST" duration-ms="509" status="PASS">
          <reporter-output>
          </reporter-output>
        </test-method> <!-- tearDown -->
      </class> <!-- AddItemsToCartAndCheckout -->
    </test> <!-- Surefire test -->
  </suite> <!-- Surefire suite -->
</testng-results>
