<?xml version="1.0" encoding="UTF-8"?>
<testsuite xmlns:xsi="http://www.w3.org/2001/XMLSchema-instance" xsi:noNamespaceSchemaLocation="https://maven.apache.org/surefire/maven-surefire-plugin/xsd/surefire-test-report-3.0.xsd" version="3.0" name="AddItemsToCartAndCheckout" time="46.05" tests="1" errors="0" skipped="0" failures="0">
  <properties>
[...]
</properties>
  <testcase name="addItemsToCartAndCheckout" classname="AddItemsToCartAndCheckout" time="36.722">
    <system-out><![CDATA[Screenshot saved to: F:\aditya tcs\Projects\Git project\SeleniumProject\screenshot\login_page_20260506_205416.png
Screenshot saved to: F:\aditya tcs\Projects\Git project\SeleniumProject\screenshot\home_page_20260506_205421.png
Screenshot saved to: F:\aditya tcs\Projects\Git project\SeleniumProject\screenshot\cart_page_20260506_205431.png
Both items are present in the cart.
Screenshot saved to: F:\aditya tcs\Projects\Git project\SeleniumProject\screenshot\cart_page_20260506_205436.png
Screenshot saved to: F:\aditya tcs\Projects\Git project\SeleniumProject\screenshot\checkout_page_20260506_205441.png
Screenshot saved to: F:\aditya tcs\Projects\Git project\SeleniumProject\screenshot\checkout_page_20260506_205442.png
Screenshot saved to: F:\aditya tcs\Projects\Git project\SeleniumProject\screenshot\checkout_overview_20260506_205447.png
Total amount: 4966
]]></system-out>
    <system-err><![CDATA[SLF4J: Failed to load class "org.slf4j.impl.StaticLoggerBinder".
SLF4J: Defaulting to no-operation (NOP) logger implementation
SLF4J: See http://www.slf4j.org/codes.html#StaticLoggerBinder for further details.
May 06, 2026 8:54:07 PM org.openqa.selenium.devtools.CdpVersionFinder findNearestMatch
WARNING: Unable to find CDP implementation matching 147
May 06, 2026 8:54:07 PM org.openqa.selenium.chromium.ChromiumDriver lambda$new$5
WARNING: Unable to find version of CDP to use for 147.0.7727.138. You may need to include a dependency on a specific version of the CDP using something similar to `org.seleniumhq.selenium:selenium-devtools-v86:4.15.0` where the version ("v86") matches the version of the chromium-based browser you're using and the version number of the artifact is the same as Selenium's.
Failed to capture screenshot: F:\aditya tcs\Projects\Git project\SeleniumProject\screenshot\login_page_20260506_205416.png
]]></system-err>
  </testcase>
</testsuite>